[35m[Appium][39m Welcome to Appium v1.22.1
[35m[Appium][39m Non-default server args:
[35m[Appium][39m   port: 64216
[35m[Appium][39m   loglevel: info
[35m[Appium][39m   tmpDir: C:\Users\lenovo\AppData\Local\Temp\\Katalon\Appium\Temp1643180528390
[35m[Appium][39m   chromedriverPort: 64217
[35m[Appium][39m Deprecated server args:
[35m[Appium][39m   [31m--chromedriver-port[39m => --default-capabilities
[35m[Appium][39m Default capabilities, which will be added to each request unless overridden by desired capabilities:
[35m[Appium][39m   chromedriverPort: 64217
[35m[Appium][39m Appium REST http interface listener started on 0.0.0.0:64216
[35m[HTTP][39m [37m-->[39m [37mGET[39m [37m/wd/hub/status[39m
[35m[HTTP][39m [90m{}[39m
[35m[HTTP][39m [37m<-- GET /wd/hub/status [39m[32m200[39m [90m9 ms - 68[39m
[35m[HTTP][39m [90m[39m
[35m[HTTP][39m [37m-->[39m [37mGET[39m [37m/wd/hub/status[39m
[35m[HTTP][39m [90m{}[39m
[35m[HTTP][39m [37m<-- GET /wd/hub/status [39m[32m200[39m [90m3 ms - 68[39m
[35m[HTTP][39m [90m[39m
[35m[HTTP][39m [37m-->[39m [37mPOST[39m [37m/wd/hub/session[39m
[35m[HTTP][39m [90m{"desiredCapabilities":{"app":"E:\\Pekerjaan\\2021\\Telkom\\Katalon\\GitLab\\pijar-belajar-android\\storage\\dev\\app-debug.apk","noReset":true,"deviceId":"ce03160390757c3d03","deviceName":"samsung SM-G935K (Android 8.0.0)","fullReset":false,"platform":"ANDROID","newCommandTimeout":1800,"platformVersion":"8.0.0","automationName":"uiautomator2","autoGrantPermissions":true,"platformName":"Android","udid":"ce03160390757c3d03","systemPort":64224},"capabilities":{"firstMatch":[{"appium:app":"E:\\Pekerjaan\\2021\\Telkom\\Katalon\\GitLab\\pijar-belajar-android\\storage\\dev\\app-debug.apk","appium:autoGrantPermissions":true,"appium:automationName":"uiautomator2","deviceId":"ce03160390757c3d03","appium:deviceName":"samsung SM-G935K (Android 8.0.0)","appium:fullReset":false,"appium:newCommandTimeout":1800,"appium:noReset":true,"platform":"ANDROID","platformName":"android","appium:platformVersion":"8.0.0","appium:systemPort":64224,"appium:udid":"ce03160390757c3d03"}]}}[39m
[35m[BaseDriver][39m The following capabilities are not standard capabilities and should have an extension prefix:
[35m[BaseDriver][39m   deviceId
[35m[BaseDriver][39m   platform
[35m[BaseDriver][39m   chromedriverPort
[35m[Appium][39m Appium v1.22.1 creating new AndroidUiautomator2Driver (v1.70.1) session
[35m[BaseDriver][39m The following capabilities were provided, but are not recognized by Appium:
[35m[BaseDriver][39m   deviceId
[35m[BaseDriver][39m   platform
[35m[BaseDriver][39m Session created with session id: 4e0b921b-e8d6-42e3-bbda-b1b0621efd62
[35m[BaseDriver][39m Using local app 'E:\Pekerjaan\2021\Telkom\Katalon\GitLab\pijar-belajar-android\storage\dev\app-debug.apk'
[35m[ADB][39m Found 1 'build-tools' folders under 'C:\Users\lenovo\.katalon\tools\android_sdk' (newest first):
[35m[ADB][39m     C:/Users/lenovo/.katalon/tools/android_sdk/build-tools/29.0.3
[35m[ADB][39m Using 'adb.exe' from 'C:\Users\lenovo\.katalon\tools\android_sdk\platform-tools\adb.exe'
[35m[AndroidDriver][39m Retrieving device list
[35m[AndroidDriver][39m Using device: ce03160390757c3d03
[35m[ADB][39m Using 'adb.exe' from 'C:\Users\lenovo\.katalon\tools\android_sdk\platform-tools\adb.exe'
[35m[ADB][39m Package name: 'com.pijarbelajar'
[35m[ADB][39m Main activity name: 'com.pijarbelajar.MainActivity'
[35m[ADB][39m Using 'apksigner.jar' from 'C:\Users\lenovo\.katalon\tools\android_sdk\build-tools\29.0.3\lib\apksigner.jar'
[35m[ADB][39m 'C:\Users\lenovo\AppData\Roaming\npm\node_modules\appium\node_modules\appium-uiautomator2-server\apks\appium-uiautomator2-server-v4.27.0.apk' is signed with the default certificate
[35m[ADB][39m 'C:\Users\lenovo\AppData\Roaming\npm\node_modules\appium\node_modules\appium-uiautomator2-server\apks\appium-uiautomator2-server-debug-androidTest.apk' is signed with the default certificate
[35m[UiAutomator2][39m Server packages are not going to be (re)installed
[35m[ADB][39m Adding packages ["io.appium.settings","io.appium.uiautomator2.server","io.appium.uiautomator2.server.test"] to Doze whitelist
[35m[ADB][39m 'E:\Pekerjaan\2021\Telkom\Katalon\GitLab\pijar-belajar-android\storage\dev\app-debug.apk' is signed with a non-default certificate
[35m[UiAutomator2][39m Starting UIAutomator2 server 4.27.0
[35m[UiAutomator2][39m Using UIAutomator2 server from 'C:\Users\lenovo\AppData\Roaming\npm\node_modules\appium\node_modules\appium-uiautomator2-server\apks\appium-uiautomator2-server-v4.27.0.apk' and test from 'C:\Users\lenovo\AppData\Roaming\npm\node_modules\appium\node_modules\appium-uiautomator2-server\apks\appium-uiautomator2-server-debug-androidTest.apk'
[35m[UiAutomator2][39m Waiting up to 30000ms for UiAutomator2 to be online...
[35m[WD Proxy][39m socket hang up
[35m[WD Proxy][39m socket hang up
[35m[WD Proxy][39m socket hang up
[35m[WD Proxy][39m Determined the downstream protocol as 'W3C'
[35m[AndroidDriver][39m Screen already unlocked, doing nothing
[35m[UiAutomator2][39m Starting 'com.pijarbelajar/com.pijarbelajar.MainActivity and waiting for 'com.pijarbelajar/com.pijarbelajar.MainActivity'
[35m[Appium][39m New AndroidUiautomator2Driver session created successfully, session 4e0b921b-e8d6-42e3-bbda-b1b0621efd62 added to master session list
[35m[HTTP][39m [37m<-- POST /wd/hub/session [39m[32m200[39m [90m14860 ms - 1441[39m
[35m[HTTP][39m [90m[39m
[35m[HTTP][39m [37m-->[39m [37mGET[39m [37m/wd/hub/session/4e0b921b-e8d6-42e3-bbda-b1b0621efd62[39m
[35m[HTTP][39m [90m{}[39m
[35m[HTTP][39m [37m<-- GET /wd/hub/session/4e0b921b-e8d6-42e3-bbda-b1b0621efd62 [39m[32m200[39m [90m40 ms - 1395[39m
[35m[HTTP][39m [90m[39m
[35m[HTTP][39m [37m-->[39m [37mGET[39m [37m/wd/hub/session/4e0b921b-e8d6-42e3-bbda-b1b0621efd62[39m
[35m[HTTP][39m [90m{}[39m
[35m[HTTP][39m [37m<-- GET /wd/hub/session/4e0b921b-e8d6-42e3-bbda-b1b0621efd62 [39m[32m200[39m [90m51 ms - 1395[39m
[35m[HTTP][39m [90m[39m
[35m[HTTP][39m [37m-->[39m [37mGET[39m [37m/wd/hub/status[39m
[35m[HTTP][39m [90m{}[39m
[35m[HTTP][39m [37m<-- GET /wd/hub/status [39m[32m200[39m [90m2 ms - 68[39m
[35m[HTTP][39m [90m[39m
[35m[HTTP][39m [37m-->[39m [37mPOST[39m [37m/wd/hub/session/4e0b921b-e8d6-42e3-bbda-b1b0621efd62/timeouts[39m
[35m[HTTP][39m [90m{"implicit":60000}[39m
[35m[HTTP][39m [37m<-- POST /wd/hub/session/4e0b921b-e8d6-42e3-bbda-b1b0621efd62/timeouts [39m[32m200[39m [90m5 ms - 14[39m
[35m[HTTP][39m [90m[39m
[35m[HTTP][39m [37m-->[39m [37mGET[39m [37m/wd/hub/session/4e0b921b-e8d6-42e3-bbda-b1b0621efd62/source[39m
[35m[HTTP][39m [90m{}[39m
[35m[W3C (4e0b921b)][39m Driver proxy active, passing request on via HTTP proxy
[35m[WD Proxy][39m Replacing sessionId 59adff7c-2767-4fa8-97cb-1846a48ad76d with 4e0b921b-e8d6-42e3-bbda-b1b0621efd62
[35m[HTTP][39m [37m<-- GET /wd/hub/session/4e0b921b-e8d6-42e3-bbda-b1b0621efd62/source [39m[32m200[39m [90m272 ms - 2748[39m
[35m[HTTP][39m [90m[39m
[35m[HTTP][39m [37m-->[39m [37mGET[39m [37m/wd/hub/session/4e0b921b-e8d6-42e3-bbda-b1b0621efd62/screenshot[39m
[35m[HTTP][39m [90m{}[39m
[35m[HTTP][39m [37m<-- GET /wd/hub/session/4e0b921b-e8d6-42e3-bbda-b1b0621efd62/screenshot [39m[32m200[39m [90m533 ms - 33636[39m
[35m[HTTP][39m [90m[39m
[35m[HTTP][39m [37m-->[39m [37mGET[39m [37m/wd/hub/session/4e0b921b-e8d6-42e3-bbda-b1b0621efd62/source[39m
[35m[HTTP][39m [90m{}[39m
[35m[W3C (4e0b921b)][39m Driver proxy active, passing request on via HTTP proxy
[35m[WD Proxy][39m Replacing sessionId 59adff7c-2767-4fa8-97cb-1846a48ad76d with 4e0b921b-e8d6-42e3-bbda-b1b0621efd62
[35m[HTTP][39m [37m<-- GET /wd/hub/session/4e0b921b-e8d6-42e3-bbda-b1b0621efd62/source [39m[32m200[39m [90m480 ms - 12696[39m
[35m[HTTP][39m [90m[39m
[35m[HTTP][39m [37m-->[39m [37mGET[39m [37m/wd/hub/session/4e0b921b-e8d6-42e3-bbda-b1b0621efd62/screenshot[39m
[35m[HTTP][39m [90m{}[39m
[35m[HTTP][39m [37m<-- GET /wd/hub/session/4e0b921b-e8d6-42e3-bbda-b1b0621efd62/screenshot [39m[32m200[39m [90m723 ms - 350122[39m
[35m[HTTP][39m [90m[39m
[35m[HTTP][39m [37m-->[39m [37mPOST[39m [37m/wd/hub/session/4e0b921b-e8d6-42e3-bbda-b1b0621efd62/elements[39m
[35m[HTTP][39m [90m{"using":"xpath","value":"//*[@class = 'android.view.ViewGroup' and (@text = '' or . = '')]"}[39m
[35m[HTTP][39m [37m<-- POST /wd/hub/session/4e0b921b-e8d6-42e3-bbda-b1b0621efd62/elements [39m[32m200[39m [90m910 ms - 2059[39m
[35m[HTTP][39m [90m[39m
[35m[HTTP][39m [37m-->[39m [37mPOST[39m [37m/wd/hub/session/4e0b921b-e8d6-42e3-bbda-b1b0621efd62/elements[39m
[35m[HTTP][39m [90m{"using":"-android uiautomator","value":"new UiSelector().className(\"android.view.ViewGroup\")"}[39m
[35m[HTTP][39m [37m<-- POST /wd/hub/session/4e0b921b-e8d6-42e3-bbda-b1b0621efd62/elements [39m[32m200[39m [90m650 ms - 2059[39m
[35m[HTTP][39m [90m[39m
[35m[HTTP][39m [37m-->[39m [37mGET[39m [37m/wd/hub/session/4e0b921b-e8d6-42e3-bbda-b1b0621efd62/source[39m
[35m[HTTP][39m [90m{}[39m
[35m[W3C (4e0b921b)][39m Driver proxy active, passing request on via HTTP proxy
[35m[WD Proxy][39m Replacing sessionId 59adff7c-2767-4fa8-97cb-1846a48ad76d with 4e0b921b-e8d6-42e3-bbda-b1b0621efd62
[35m[HTTP][39m [37m<-- GET /wd/hub/session/4e0b921b-e8d6-42e3-bbda-b1b0621efd62/source [39m[32m200[39m [90m622 ms - 20142[39m
[35m[HTTP][39m [90m[39m
[35m[HTTP][39m [37m-->[39m [37mGET[39m [37m/wd/hub/session/4e0b921b-e8d6-42e3-bbda-b1b0621efd62/screenshot[39m
[35m[HTTP][39m [90m{}[39m
[35m[HTTP][39m [37m<-- GET /wd/hub/session/4e0b921b-e8d6-42e3-bbda-b1b0621efd62/screenshot [39m[32m200[39m [90m626 ms - 142966[39m
[35m[HTTP][39m [90m[39m
[35m[HTTP][39m [37m-->[39m [37mPOST[39m [37m/wd/hub/session/4e0b921b-e8d6-42e3-bbda-b1b0621efd62/elements[39m
[35m[HTTP][39m [90m{"using":"xpath","value":"//*[@class = 'android.view.ViewGroup' and (@text = '' or . = '')]"}[39m
[35m[HTTP][39m [37m<-- POST /wd/hub/session/4e0b921b-e8d6-42e3-bbda-b1b0621efd62/elements [39m[32m200[39m [90m479 ms - 3339[39m
[35m[HTTP][39m [90m[39m
[35m[HTTP][39m [37m-->[39m [37mPOST[39m [37m/wd/hub/session/4e0b921b-e8d6-42e3-bbda-b1b0621efd62/elements[39m
[35m[HTTP][39m [90m{"using":"-android uiautomator","value":"new UiSelector().className(\"android.view.ViewGroup\")"}[39m
[35m[HTTP][39m [37m<-- POST /wd/hub/session/4e0b921b-e8d6-42e3-bbda-b1b0621efd62/elements [39m[32m200[39m [90m843 ms - 3339[39m
[35m[HTTP][39m [90m[39m
[35m[HTTP][39m [37m-->[39m [37mGET[39m [37m/wd/hub/session/4e0b921b-e8d6-42e3-bbda-b1b0621efd62/source[39m
[35m[HTTP][39m [90m{}[39m
[35m[W3C (4e0b921b)][39m Driver proxy active, passing request on via HTTP proxy
[35m[WD Proxy][39m Replacing sessionId 59adff7c-2767-4fa8-97cb-1846a48ad76d with 4e0b921b-e8d6-42e3-bbda-b1b0621efd62
[35m[HTTP][39m [37m<-- GET /wd/hub/session/4e0b921b-e8d6-42e3-bbda-b1b0621efd62/source [39m[32m200[39m [90m510 ms - 18302[39m
[35m[HTTP][39m [90m[39m
[35m[HTTP][39m [37m-->[39m [37mGET[39m [37m/wd/hub/session/4e0b921b-e8d6-42e3-bbda-b1b0621efd62/screenshot[39m
[35m[HTTP][39m [90m{}[39m
[35m[HTTP][39m [37m<-- GET /wd/hub/session/4e0b921b-e8d6-42e3-bbda-b1b0621efd62/screenshot [39m[32m200[39m [90m610 ms - 107932[39m
[35m[HTTP][39m [90m[39m
[35m[HTTP][39m [37m-->[39m [37mPOST[39m [37m/wd/hub/session/4e0b921b-e8d6-42e3-bbda-b1b0621efd62/elements[39m
[35m[HTTP][39m [90m{"using":"xpath","value":"//*[@class = 'android.view.ViewGroup' and (@text = '' or . = '')]"}[39m
[35m[HTTP][39m [37m<-- POST /wd/hub/session/4e0b921b-e8d6-42e3-bbda-b1b0621efd62/elements [39m[32m200[39m [90m430 ms - 3083[39m
[35m[HTTP][39m [90m[39m
[35m[HTTP][39m [37m-->[39m [37mPOST[39m [37m/wd/hub/session/4e0b921b-e8d6-42e3-bbda-b1b0621efd62/elements[39m
[35m[HTTP][39m [90m{"using":"-android uiautomator","value":"new UiSelector().className(\"android.view.ViewGroup\")"}[39m
[35m[HTTP][39m [37m<-- POST /wd/hub/session/4e0b921b-e8d6-42e3-bbda-b1b0621efd62/elements [39m[32m200[39m [90m818 ms - 3083[39m
[35m[HTTP][39m [90m[39m
[35m[HTTP][39m [37m-->[39m [37mGET[39m [37m/wd/hub/session/4e0b921b-e8d6-42e3-bbda-b1b0621efd62/source[39m
[35m[HTTP][39m [90m{}[39m
[35m[W3C (4e0b921b)][39m Driver proxy active, passing request on via HTTP proxy
[35m[WD Proxy][39m Replacing sessionId 59adff7c-2767-4fa8-97cb-1846a48ad76d with 4e0b921b-e8d6-42e3-bbda-b1b0621efd62
[35m[HTTP][39m [37m<-- GET /wd/hub/session/4e0b921b-e8d6-42e3-bbda-b1b0621efd62/source [39m[32m200[39m [90m393 ms - 14752[39m
[35m[HTTP][39m [90m[39m
[35m[HTTP][39m [37m-->[39m [37mGET[39m [37m/wd/hub/session/4e0b921b-e8d6-42e3-bbda-b1b0621efd62/screenshot[39m
[35m[HTTP][39m [90m{}[39m
[35m[HTTP][39m [37m<-- GET /wd/hub/session/4e0b921b-e8d6-42e3-bbda-b1b0621efd62/screenshot [39m[32m200[39m [90m600 ms - 82250[39m
[35m[HTTP][39m [90m[39m
[35m[HTTP][39m [37m-->[39m [37mPOST[39m [37m/wd/hub/session/4e0b921b-e8d6-42e3-bbda-b1b0621efd62/elements[39m
[35m[HTTP][39m [90m{"using":"xpath","value":"//*[@class = 'android.view.ViewGroup' and (@text = '' or . = '')]"}[39m
[35m[HTTP][39m [37m<-- POST /wd/hub/session/4e0b921b-e8d6-42e3-bbda-b1b0621efd62/elements [39m[32m200[39m [90m393 ms - 2571[39m
[35m[HTTP][39m [90m[39m
[35m[HTTP][39m [37m-->[39m [37mPOST[39m [37m/wd/hub/session/4e0b921b-e8d6-42e3-bbda-b1b0621efd62/elements[39m
[35m[HTTP][39m [90m{"using":"-android uiautomator","value":"new UiSelector().className(\"android.view.ViewGroup\")"}[39m
[35m[HTTP][39m [37m<-- POST /wd/hub/session/4e0b921b-e8d6-42e3-bbda-b1b0621efd62/elements [39m[32m200[39m [90m488 ms - 2571[39m
[35m[HTTP][39m [90m[39m
[35m[HTTP][39m [37m-->[39m [37mGET[39m [37m/wd/hub/session/4e0b921b-e8d6-42e3-bbda-b1b0621efd62/source[39m
[35m[HTTP][39m [90m{}[39m
[35m[W3C (4e0b921b)][39m Driver proxy active, passing request on via HTTP proxy
[35m[WD Proxy][39m Replacing sessionId 59adff7c-2767-4fa8-97cb-1846a48ad76d with 4e0b921b-e8d6-42e3-bbda-b1b0621efd62
[35m[HTTP][39m [37m<-- GET /wd/hub/session/4e0b921b-e8d6-42e3-bbda-b1b0621efd62/source [39m[32m200[39m [90m372 ms - 13737[39m
[35m[HTTP][39m [90m[39m
[35m[HTTP][39m [37m-->[39m [37mGET[39m [37m/wd/hub/session/4e0b921b-e8d6-42e3-bbda-b1b0621efd62/screenshot[39m
[35m[HTTP][39m [90m{}[39m
[35m[HTTP][39m [37m<-- GET /wd/hub/session/4e0b921b-e8d6-42e3-bbda-b1b0621efd62/screenshot [39m[32m200[39m [90m606 ms - 108840[39m
[35m[HTTP][39m [90m[39m
[35m[HTTP][39m [37m-->[39m [37mPOST[39m [37m/wd/hub/session/4e0b921b-e8d6-42e3-bbda-b1b0621efd62/elements[39m
[35m[HTTP][39m [90m{"using":"xpath","value":"//*[@class = 'android.view.ViewGroup' and (@text = '' or . = '')]"}[39m
[35m[HTTP][39m [37m<-- POST /wd/hub/session/4e0b921b-e8d6-42e3-bbda-b1b0621efd62/elements [39m[32m200[39m [90m393 ms - 2443[39m
[35m[HTTP][39m [90m[39m
[35m[HTTP][39m [37m-->[39m [37mPOST[39m [37m/wd/hub/session/4e0b921b-e8d6-42e3-bbda-b1b0621efd62/elements[39m
[35m[HTTP][39m [90m{"using":"-android uiautomator","value":"new UiSelector().className(\"android.view.ViewGroup\")"}[39m
[35m[HTTP][39m [37m<-- POST /wd/hub/session/4e0b921b-e8d6-42e3-bbda-b1b0621efd62/elements [39m[32m200[39m [90m480 ms - 2443[39m
[35m[HTTP][39m [90m[39m
[35m[HTTP][39m [37m-->[39m [37mDELETE[39m [37m/wd/hub/session/4e0b921b-e8d6-42e3-bbda-b1b0621efd62[39m
[35m[HTTP][39m [90m{}[39m
[35m[Appium][39m Removing session 4e0b921b-e8d6-42e3-bbda-b1b0621efd62 from our master session list
[35m[HTTP][39m [37m<-- DELETE /wd/hub/session/4e0b921b-e8d6-42e3-bbda-b1b0621efd62 [39m[32m200[39m [90m350 ms - 14[39m
[35m[HTTP][39m [90m[39m
